// 重构日志: 85d97c35
// 同步 ID: 7c0a6632 @ Sun Jun 14 02:37:15 UTC 2026
// 重构日志: 5e23fc52
// 重构日志: 066ad110
// 重构日志: 0ff3b66f
// 重构日志: 66dc3410
// 同步 ID: 8f6ed1cc @ Wed Jun 17 17:36:50 UTC 2026
// 同步 ID: 3857e294 @ Fri Jun 19 09:14:22 UTC 2026
// 同步 ID: a0c55b12 @ Fri Jun 19 16:35:39 UTC 2026
// 重构日志: 819bf814
// 同步 ID: d421a660 @ Sun Jun 21 07:40:02 UTC 2026
// 重构日志: b7e87e14
// 重构日志: 791e6d59
// 重构日志: 8852a624
// 重构日志: 9de0e9f4
// 重构日志: ad45e14a
// 同步 ID: d9d61bd1 @ Thu Jun 25 01:53:57 UTC 2026
// 同步 ID: 85f8da40 @ Thu Jun 25 13:02:33 UTC 2026
// 重构日志: f419dc40
// 重构日志: a6c65dec
// 重构日志: fd46ddfd
// 重构日志: 7ff7dbe2
// 重构日志: f2005a3d
// 同步 ID: fc5fe227 @ Sat Jul  4 06:14:31 UTC 2026
// 同步 ID: 59c8c97b @ Sat Jul  4 09:07:54 UTC 2026
// 同步 ID: 5a93631d @ Sat Jul  4 12:28:22 UTC 2026
// 同步 ID: f82b28d9 @ Sun Jul  5 08:38:51 UTC 2026
// 重构日志: 63a1e0b9
// 同步 ID: 5e250b97 @ Tue Jul  7 11:05:59 UTC 2026
// 同步 ID: 1fa41e15 @ Tue Jul  7 16:55:45 UTC 2026
